{
  "RSpec": {
    "coverage": {
      "/Users/MacEnroy/Projects/WDi23-Homework/joshua_mcevoy/week_10/day_04/fruitstore/spec/controllers/fruits_controller_spec.rb": [
        1,
        null,
        1,
        1,
        1,
        null,
        24,
        null,
        null,
        1,
        1,
        3,
        null,
        null,
        1,
        1,
        1,
        null,
        null,
        1,
        1,
        1,
        1,
        1,
        null,
        null,
        1,
        1,
        null,
        null,
        null,
        null,
        1,
        1,
        3,
        null,
        null,
        1,
        1,
        1,
        null,
        null,
        1,
        1,
        null,
        null,
        1,
        1,
        1,
        1,
        null,
        null,
        null,
        null,
        1,
        1,
        1,
        2,
        null,
        null,
        1,
        1,
        null,
        null,
        1,
        1,
        null,
        null,
        null,
        1,
        1,
        2,
        null,
        null,
        1,
        1,
        null,
        null,
        1,
        1,
        null,
        null,
        null,
        null
      ],
      "/Users/MacEnroy/Projects/WDi23-Homework/joshua_mcevoy/week_10/day_04/fruitstore/spec/rails_helper.rb": [
        null,
        1,
        1,
        1,
        null,
        1,
        1,
        null,
        null,
        null,
        null,
        null,
        null,
        null,
        null,
        null,
        null,
        null,
        null,
        null,
        null,
        null,
        null,
        null,
        null,
        null,
        1,
        null,
        1,
        null,
        1,
        null,
        null,
        null,
        null,
        1,
        null,
        null,
        null,
        null,
        null,
        null,
        null,
        null,
        null,
        null,
        null,
        null,
        null,
        null,
        1,
        null,
        null,
        1,
        null,
        null,
        null,
        null,
        1,
        1,
        1,
        1,
        null,
        null
      ],
      "/Users/MacEnroy/Projects/WDi23-Homework/joshua_mcevoy/week_10/day_04/fruitstore/config/environment.rb": [
        null,
        1,
        null,
        null,
        1
      ],
      "/Users/MacEnroy/Projects/WDi23-Homework/joshua_mcevoy/week_10/day_04/fruitstore/config/application.rb": [
        1,
        null,
        1,
        null,
        1,
        1,
        1,
        1,
        1,
        1,
        1,
        1,
        null,
        null,
        null,
        null,
        1,
        null,
        1,
        1,
        null,
        1,
        null,
        null,
        null,
        null,
        null,
        null,
        1,
        null,
        null
      ],
      "/Users/MacEnroy/Projects/WDi23-Homework/joshua_mcevoy/week_10/day_04/fruitstore/config/boot.rb": [
        1,
        null,
        1
      ],
      "/Users/MacEnroy/Projects/WDi23-Homework/joshua_mcevoy/week_10/day_04/fruitstore/config/environments/test.rb": [
        1,
        null,
        null,
        null,
        null,
        null,
        null,
        1,
        null,
        null,
        null,
        null,
        1,
        null,
        null,
        1,
        1,
        null,
        null,
        null,
        null,
        1,
        1,
        null,
        null,
        1,
        null,
        null,
        1,
        1,
        null,
        null,
        null,
        null,
        1,
        null,
        null,
        1,
        null,
        null,
        null,
        null
      ],
      "/Users/MacEnroy/Projects/WDi23-Homework/joshua_mcevoy/week_10/day_04/fruitstore/config/initializers/application_controller_renderer.rb": [
        null,
        null,
        null,
        null,
        null,
        null,
        null,
        null
      ],
      "/Users/MacEnroy/Projects/WDi23-Homework/joshua_mcevoy/week_10/day_04/fruitstore/config/initializers/assets.rb": [
        null,
        null,
        null,
        1,
        null,
        null,
        null,
        null,
        1,
        null,
        null,
        null,
        null,
        null
      ],
      "/Users/MacEnroy/Projects/WDi23-Homework/joshua_mcevoy/week_10/day_04/fruitstore/config/initializers/backtrace_silencers.rb": [
        null,
        null,
        null,
        null,
        null,
        null,
        null
      ],
      "/Users/MacEnroy/Projects/WDi23-Homework/joshua_mcevoy/week_10/day_04/fruitstore/config/initializers/cookies_serializer.rb": [
        null,
        null,
        null,
        null,
        1
      ],
      "/Users/MacEnroy/Projects/WDi23-Homework/joshua_mcevoy/week_10/day_04/fruitstore/config/initializers/filter_parameter_logging.rb": [
        null,
        null,
        null,
        1
      ],
      "/Users/MacEnroy/Projects/WDi23-Homework/joshua_mcevoy/week_10/day_04/fruitstore/config/initializers/inflections.rb": [
        null,
        null,
        null,
        null,
        null,
        null,
        null,
        null,
        null,
        null,
        null,
        null,
        null,
        null,
        null,
        null
      ],
      "/Users/MacEnroy/Projects/WDi23-Homework/joshua_mcevoy/week_10/day_04/fruitstore/config/initializers/mime_types.rb": [
        null,
        null,
        null,
        null
      ],
      "/Users/MacEnroy/Projects/WDi23-Homework/joshua_mcevoy/week_10/day_04/fruitstore/config/initializers/wrap_parameters.rb": [
        null,
        null,
        null,
        null,
        null,
        null,
        1,
        2,
        null,
        null,
        null,
        null,
        null,
        null
      ],
      "/Users/MacEnroy/Projects/WDi23-Homework/joshua_mcevoy/week_10/day_04/fruitstore/config/routes.rb": [
        1,
        1,
        null,
        null
      ],
      "/Users/MacEnroy/Projects/WDi23-Homework/joshua_mcevoy/week_10/day_04/fruitstore/app/helpers/application_helper.rb": [
        1,
        null
      ],
      "/Users/MacEnroy/Projects/WDi23-Homework/joshua_mcevoy/week_10/day_04/fruitstore/app/helpers/fruits_helper.rb": [
        1,
        null
      ],
      "/Users/MacEnroy/Projects/WDi23-Homework/joshua_mcevoy/week_10/day_04/fruitstore/app/controllers/fruits_controller.rb": [
        1,
        1,
        6,
        null,
        6,
        6,
        9,
        null,
        null,
        null,
        1,
        4,
        4,
        2,
        null,
        2,
        null,
        null,
        null,
        1,
        1,
        4,
        null,
        null
      ],
      "/Users/MacEnroy/Projects/WDi23-Homework/joshua_mcevoy/week_10/day_04/fruitstore/app/controllers/application_controller.rb": [
        1,
        1,
        null
      ],
      "/Users/MacEnroy/Projects/WDi23-Homework/joshua_mcevoy/week_10/day_04/fruitstore/spec/models/fruit_spec.rb": [
        1,
        null,
        1,
        2,
        null,
        1,
        1,
        2,
        null,
        null,
        1,
        1,
        1,
        null,
        null,
        1,
        1,
        1,
        1,
        1,
        1,
        1,
        null,
        null,
        null,
        1,
        1,
        2,
        null,
        null,
        1,
        1,
        1,
        null,
        null,
        1,
        1,
        1,
        1,
        1,
        1,
        1,
        null,
        null,
        null
      ],
      "/Users/MacEnroy/Projects/WDi23-Homework/joshua_mcevoy/week_10/day_04/fruitstore/app/models/fruit.rb": [
        1,
        1,
        1,
        null,
        1,
        0,
        null,
        null
      ],
      "/Users/MacEnroy/Projects/WDi23-Homework/joshua_mcevoy/week_10/day_04/fruitstore/app/models/application_record.rb": [
        1,
        1,
        null
      ],
      "/Users/MacEnroy/Projects/WDi23-Homework/joshua_mcevoy/week_10/day_04/fruitstore/spec/models/shelf_spec.rb": [
        1,
        null,
        1,
        2,
        null
      ],
      "/Users/MacEnroy/Projects/WDi23-Homework/joshua_mcevoy/week_10/day_04/fruitstore/app/models/shelf.rb": [
        1,
        1,
        null
      ],
      "/Users/MacEnroy/Projects/WDi23-Homework/joshua_mcevoy/week_10/day_04/fruitstore/app/models/apple.rb": [
        1,
        1,
        2,
        null,
        null
      ],
      "/Users/MacEnroy/Projects/WDi23-Homework/joshua_mcevoy/week_10/day_04/fruitstore/app/models/pear.rb": [
        1,
        1,
        2,
        null,
        null
      ]
    },
    "timestamp": 1506602742
  }
}
